<?xml version="1.0" encoding="UTF-8"?>
<!-- Generated by org.testng.reporters.JUnitXMLReporter -->
<testsuite hostname="DESKTOP-14Q4JMV" ignored="0" name="Test(failed)" tests="1" failures="1" timestamp="2021-01-12T15:28:16 IST" time="41.25" errors="0">
  <testcase name="login" time="40.786" classname="testscripts.TC1">
    <failure type="java.lang.NullPointerException">
      <![CDATA[java.lang.NullPointerException
at Webpages.Homepage.signclickSignin(Homepage.java:25)
at testscripts.TC1.login(TC1.java:36)
at java.util.ArrayList.forEach(ArrayList.java:1257)
... Removed 27 stack frames]]>
    </failure>
  </testcase> <!-- login -->
</testsuite> <!-- Test(failed) -->
