<?xml version="1.0" encoding="UTF-8"?>
<testng-results skipped="0" failed="0" ignored="0" total="3" passed="3">
  <reporter-output>
  </reporter-output>
  <suite name="Suite" duration-ms="87410" started-at="2021-01-13T13:55:35 IST" finished-at="2021-01-13T13:57:02 IST">
    <groups>
    </groups>
    <test name="Test" duration-ms="87410" started-at="2021-01-13T13:55:35 IST" finished-at="2021-01-13T13:57:02 IST">
      <class name="testscripts.TC1">
        <test-method status="PASS" signature="getbrowser()[pri:0, instance:testscripts.TC1@13deb50e]" name="getbrowser" is-config="true" duration-ms="23617" started-at="2021-01-13T13:55:11 IST" finished-at="2021-01-13T13:55:35 IST">
          <reporter-output>
          </reporter-output>
        </test-method> <!-- getbrowser -->
        <test-method status="PASS" signature="login()[pri:0, instance:testscripts.TC1@13deb50e]" name="login" duration-ms="7371" started-at="2021-01-13T13:55:35 IST" finished-at="2021-01-13T13:55:42 IST">
          <reporter-output>
          </reporter-output>
        </test-method> <!-- login -->
        <test-method status="PASS" signature="myaddress()[pri:1, instance:testscripts.TC1@13deb50e]" name="myaddress" duration-ms="8763" started-at="2021-01-13T13:55:42 IST" finished-at="2021-01-13T13:55:51 IST">
          <reporter-output>
          </reporter-output>
        </test-method> <!-- myaddress -->
        <test-method status="PASS" signature="Womenaction()[pri:2, instance:testscripts.TC1@13deb50e]" name="Womenaction" duration-ms="68455" started-at="2021-01-13T13:55:51 IST" finished-at="2021-01-13T13:56:59 IST">
          <reporter-output>
          </reporter-output>
        </test-method> <!-- Womenaction -->
        <test-method status="PASS" signature="signout()[pri:0, instance:testscripts.TC1@13deb50e]" name="signout" is-config="true" duration-ms="2662" started-at="2021-01-13T13:56:59 IST" finished-at="2021-01-13T13:57:02 IST">
          <reporter-output>
          </reporter-output>
        </test-method> <!-- signout -->
        <test-method status="PASS" signature="AfetrSuite()[pri:0, instance:testscripts.TC1@13deb50e]" name="AfetrSuite" is-config="true" duration-ms="1497" started-at="2021-01-13T13:57:02 IST" finished-at="2021-01-13T13:57:03 IST">
          <reporter-output>
          </reporter-output>
        </test-method> <!-- AfetrSuite -->
      </class> <!-- testscripts.TC1 -->
    </test> <!-- Test -->
  </suite> <!-- Suite -->
</testng-results>
