<?xml version="1.0" encoding="UTF-8"?>
<testsuite xmlns:xsi="http://www.w3.org/2001/XMLSchema-instance" xsi:noNamespaceSchemaLocation="https://maven.apache.org/surefire/maven-surefire-plugin/xsd/surefire-test-report.xsd" name="TestSuite" time="113.772" tests="3" errors="0" skipped="0" failures="0">
  <properties>
[...]
</properties>
  <testcase name="login" classname="testscripts.TC1" time="7.44"/>
  <testcase name="myaddress" classname="testscripts.TC1" time="8.743"/>
  <testcase name="Womenaction" classname="testscripts.TC1" time="68.456"/>
</testsuite>