<?xml version="1.0" encoding="UTF-8"?>
<testng-results skipped="0" failed="0" ignored="0" total="3" passed="3">
  <reporter-output>
  </reporter-output>
  <suite name="Suite" duration-ms="120369" started-at="2021-01-13T14:00:36 IST" finished-at="2021-01-13T14:02:36 IST">
    <groups>
    </groups>
    <test name="Test" duration-ms="120369" started-at="2021-01-13T14:00:36 IST" finished-at="2021-01-13T14:02:36 IST">
      <class name="testscripts.TC1">
        <test-method status="PASS" signature="getbrowser()[pri:0, instance:testscripts.TC1@6895a785]" name="getbrowser" is-config="true" duration-ms="23780" started-at="2021-01-13T14:00:12 IST" finished-at="2021-01-13T14:00:36 IST">
          <reporter-output>
          </reporter-output>
        </test-method> <!-- getbrowser -->
        <test-method status="PASS" signature="login()[pri:0, instance:testscripts.TC1@6895a785]" name="login" duration-ms="6574" started-at="2021-01-13T14:00:36 IST" finished-at="2021-01-13T14:00:42 IST">
          <reporter-output>
          </reporter-output>
        </test-method> <!-- login -->
        <test-method status="PASS" signature="myaddress()[pri:1, instance:testscripts.TC1@6895a785]" name="myaddress" duration-ms="8975" started-at="2021-01-13T14:00:43 IST" finished-at="2021-01-13T14:00:51 IST">
          <reporter-output>
          </reporter-output>
        </test-method> <!-- myaddress -->
        <test-method status="PASS" signature="Womenaction()[pri:2, instance:testscripts.TC1@6895a785]" name="Womenaction" duration-ms="96014" started-at="2021-01-13T14:00:51 IST" finished-at="2021-01-13T14:02:28 IST">
          <reporter-output>
          </reporter-output>
        </test-method> <!-- Womenaction -->
        <test-method status="PASS" signature="signout()[pri:0, instance:testscripts.TC1@6895a785]" name="signout" is-config="true" duration-ms="8586" started-at="2021-01-13T14:02:28 IST" finished-at="2021-01-13T14:02:36 IST">
          <reporter-output>
          </reporter-output>
        </test-method> <!-- signout -->
        <test-method status="PASS" signature="AfetrSuite()[pri:0, instance:testscripts.TC1@6895a785]" name="AfetrSuite" is-config="true" duration-ms="1255" started-at="2021-01-13T14:02:36 IST" finished-at="2021-01-13T14:02:37 IST">
          <reporter-output>
          </reporter-output>
        </test-method> <!-- AfetrSuite -->
      </class> <!-- testscripts.TC1 -->
    </test> <!-- Test -->
  </suite> <!-- Suite -->
</testng-results>
